[2025-10-10 12:29:28+02:00] ERROR: Missing requested endpoint {"code":400,"exception":null} 
[2025-10-10 12:30:10+02:00] INFO: Installer API request received {"method":"GET","endpoint":"checkPhpVersion"} 
[2025-10-10 12:30:10+02:00] NOTICE: Compared PHP version {"installed":"8.2.12","needed":"8.0.2"} 
[2025-10-10 12:30:10+02:00] NOTICE: PHP version requirement met.  
[2025-10-10 12:30:10+02:00] INFO: Installer API request received {"method":"GET","endpoint":"checkApi"} 
[2025-10-10 12:30:10+02:00] NOTICE: Trying Winter CMS API  
[2025-10-10 12:30:10+02:00] INFO: Winter API request {"method":"GET","uri":"ping"} 
[2025-10-10 12:30:10+02:00] INFO: Installer API request received {"method":"GET","endpoint":"checkPhpExtensions"} 
[2025-10-10 12:30:10+02:00] NOTICE: Checking PHP "curl" extension  
[2025-10-10 12:30:10+02:00] NOTICE: Checking PHP "json" extension  
[2025-10-10 12:30:10+02:00] NOTICE: Checking PHP "pdo" extension  
[2025-10-10 12:30:10+02:00] NOTICE: Checking PHP "zip" extension  
[2025-10-10 12:30:10+02:00] ERROR: Missing extension {"code":500,"exception":null} 
[2025-10-10 12:30:12+02:00] NOTICE: Response received from Winter CMS API {"response":"pong"} 
[2025-10-10 12:30:12+02:00] NOTICE: Winter CMS API connection successful.  
[2025-10-10 12:31:57+02:00] INFO: Installer API request received {"method":"GET","endpoint":"checkApi"} 
[2025-10-10 12:31:57+02:00] NOTICE: Trying Winter CMS API  
[2025-10-10 12:31:57+02:00] INFO: Winter API request {"method":"GET","uri":"ping"} 
[2025-10-10 12:31:57+02:00] INFO: Installer API request received {"method":"GET","endpoint":"checkPhpVersion"} 
[2025-10-10 12:31:57+02:00] NOTICE: Compared PHP version {"installed":"8.2.12","needed":"8.0.2"} 
[2025-10-10 12:31:57+02:00] NOTICE: PHP version requirement met.  
[2025-10-10 12:31:57+02:00] INFO: Installer API request received {"method":"GET","endpoint":"checkPhpExtensions"} 
[2025-10-10 12:31:57+02:00] NOTICE: Checking PHP "curl" extension  
[2025-10-10 12:31:57+02:00] NOTICE: Checking PHP "json" extension  
[2025-10-10 12:31:57+02:00] NOTICE: Checking PHP "pdo" extension  
[2025-10-10 12:31:57+02:00] NOTICE: Checking PHP "zip" extension  
[2025-10-10 12:31:57+02:00] NOTICE: Checking PHP "mbstring" extension  
[2025-10-10 12:31:57+02:00] NOTICE: Checking PHP "fileinfo" extension  
[2025-10-10 12:31:57+02:00] NOTICE: Checking PHP "openssl" extension  
[2025-10-10 12:31:57+02:00] NOTICE: Checking PHP "gd" extension  
[2025-10-10 12:31:57+02:00] ERROR: Missing extension {"code":500,"exception":null} 
[2025-10-10 12:31:59+02:00] NOTICE: Response received from Winter CMS API {"response":"pong"} 
[2025-10-10 12:31:59+02:00] NOTICE: Winter CMS API connection successful.  
[2025-10-10 12:32:46+02:00] INFO: Installer API request received {"method":"GET","endpoint":"checkPhpVersion"} 
[2025-10-10 12:32:46+02:00] NOTICE: Compared PHP version {"installed":"8.2.12","needed":"8.0.2"} 
[2025-10-10 12:32:46+02:00] NOTICE: PHP version requirement met.  
[2025-10-10 12:32:46+02:00] INFO: Installer API request received {"method":"GET","endpoint":"checkApi"} 
[2025-10-10 12:32:46+02:00] NOTICE: Trying Winter CMS API  
[2025-10-10 12:32:46+02:00] INFO: Winter API request {"method":"GET","uri":"ping"} 
[2025-10-10 12:32:46+02:00] INFO: Installer API request received {"method":"GET","endpoint":"checkPhpExtensions"} 
[2025-10-10 12:32:46+02:00] NOTICE: Checking PHP "curl" extension  
[2025-10-10 12:32:46+02:00] NOTICE: Checking PHP "json" extension  
[2025-10-10 12:32:46+02:00] NOTICE: Checking PHP "pdo" extension  
[2025-10-10 12:32:46+02:00] NOTICE: Checking PHP "zip" extension  
[2025-10-10 12:32:46+02:00] NOTICE: Checking PHP "mbstring" extension  
[2025-10-10 12:32:46+02:00] NOTICE: Checking PHP "fileinfo" extension  
[2025-10-10 12:32:46+02:00] NOTICE: Checking PHP "openssl" extension  
[2025-10-10 12:32:46+02:00] NOTICE: Checking PHP "gd" extension  
[2025-10-10 12:32:46+02:00] NOTICE: Checking PHP "filter" extension  
[2025-10-10 12:32:46+02:00] NOTICE: Checking PHP "hash" extension  
[2025-10-10 12:32:46+02:00] NOTICE: Checking PHP "dom" extension  
[2025-10-10 12:32:46+02:00] NOTICE: Required PHP extensions are installed.  
[2025-10-10 12:32:47+02:00] NOTICE: Response received from Winter CMS API {"response":"pong"} 
[2025-10-10 12:32:47+02:00] NOTICE: Winter CMS API connection successful.  
[2025-10-10 12:36:08+02:00] INFO: Installer API request received {"method":"GET","endpoint":"checkWriteAccess"} 
[2025-10-10 12:36:08+02:00] NOTICE: Current working directory is writable.  
[2025-10-10 12:36:08+02:00] INFO: Installer API request received {"method":"POST","endpoint":"checkDatabase"} 
[2025-10-10 12:36:08+02:00] NOTICE: Check database connection  
[2025-10-10 12:36:09+02:00] ERROR: Database could not be connected to. {"code":500,"exception":"SQLSTATE[HY000] [1045] Access denied for user 'root'@'localhost' (using password: YES)"} 
[2025-10-10 12:36:46+02:00] INFO: Installer API request received {"method":"GET","endpoint":"checkWriteAccess"} 
[2025-10-10 12:36:46+02:00] NOTICE: Current working directory is writable.  
[2025-10-10 12:36:46+02:00] INFO: Installer API request received {"method":"POST","endpoint":"checkDatabase"} 
[2025-10-10 12:36:46+02:00] NOTICE: Check database connection  
[2025-10-10 12:36:46+02:00] ERROR: Database could not be connected to. {"code":500,"exception":"SQLSTATE[HY000] [1045] Access denied for user 'root'@'localhost' (using password: YES)"} 
[2025-10-10 12:36:47+02:00] INFO: Installer API request received {"method":"POST","endpoint":"checkDatabase"} 
[2025-10-10 12:36:47+02:00] NOTICE: Check database connection  
[2025-10-10 12:36:47+02:00] INFO: Installer API request received {"method":"GET","endpoint":"checkWriteAccess"} 
[2025-10-10 12:36:47+02:00] NOTICE: Current working directory is writable.  
[2025-10-10 12:36:47+02:00] ERROR: Database could not be connected to. {"code":500,"exception":"SQLSTATE[HY000] [1045] Access denied for user 'root'@'localhost' (using password: YES)"} 
[2025-10-10 12:36:55+02:00] INFO: Installer API request received {"method":"GET","endpoint":"checkApi"} 
[2025-10-10 12:36:55+02:00] NOTICE: Trying Winter CMS API  
[2025-10-10 12:36:55+02:00] INFO: Winter API request {"method":"GET","uri":"ping"} 
[2025-10-10 12:36:55+02:00] INFO: Installer API request received {"method":"GET","endpoint":"checkPhpExtensions"} 
[2025-10-10 12:36:55+02:00] NOTICE: Checking PHP "curl" extension  
[2025-10-10 12:36:55+02:00] NOTICE: Checking PHP "json" extension  
[2025-10-10 12:36:55+02:00] NOTICE: Checking PHP "pdo" extension  
[2025-10-10 12:36:55+02:00] NOTICE: Checking PHP "zip" extension  
[2025-10-10 12:36:55+02:00] NOTICE: Checking PHP "mbstring" extension  
[2025-10-10 12:36:55+02:00] NOTICE: Checking PHP "fileinfo" extension  
[2025-10-10 12:36:55+02:00] NOTICE: Checking PHP "openssl" extension  
[2025-10-10 12:36:55+02:00] NOTICE: Checking PHP "gd" extension  
[2025-10-10 12:36:55+02:00] NOTICE: Checking PHP "filter" extension  
[2025-10-10 12:36:55+02:00] NOTICE: Checking PHP "hash" extension  
[2025-10-10 12:36:55+02:00] NOTICE: Checking PHP "dom" extension  
[2025-10-10 12:36:55+02:00] NOTICE: Required PHP extensions are installed.  
[2025-10-10 12:36:55+02:00] INFO: Installer API request received {"method":"GET","endpoint":"checkPhpVersion"} 
[2025-10-10 12:36:55+02:00] NOTICE: Compared PHP version {"installed":"8.2.12","needed":"8.0.2"} 
[2025-10-10 12:36:55+02:00] NOTICE: PHP version requirement met.  
[2025-10-10 12:36:56+02:00] NOTICE: Response received from Winter CMS API {"response":"pong"} 
[2025-10-10 12:36:56+02:00] NOTICE: Winter CMS API connection successful.  
[2025-10-10 12:37:20+02:00] INFO: Installer API request received {"method":"POST","endpoint":"checkDatabase"} 
[2025-10-10 12:37:20+02:00] NOTICE: Check database connection  
[2025-10-10 12:37:20+02:00] INFO: Installer API request received {"method":"GET","endpoint":"checkWriteAccess"} 
[2025-10-10 12:37:20+02:00] NOTICE: Current working directory is writable.  
[2025-10-10 12:37:20+02:00] ERROR: Database could not be connected to. {"code":500,"exception":"SQLSTATE[HY000] [1045] Access denied for user 'root'@'localhost' (using password: YES)"} 
[2025-10-10 12:37:23+02:00] INFO: Installer API request received {"method":"GET","endpoint":"checkWriteAccess"} 
[2025-10-10 12:37:23+02:00] NOTICE: Current working directory is writable.  
[2025-10-10 12:37:23+02:00] INFO: Installer API request received {"method":"POST","endpoint":"checkDatabase"} 
[2025-10-10 12:37:23+02:00] NOTICE: Check database connection  
[2025-10-10 12:37:23+02:00] ERROR: Database could not be connected to. {"code":500,"exception":"SQLSTATE[HY000] [1045] Access denied for user 'root'@'localhost' (using password: YES)"} 
[2025-10-10 12:37:24+02:00] INFO: Installer API request received {"method":"GET","endpoint":"checkWriteAccess"} 
[2025-10-10 12:37:24+02:00] NOTICE: Current working directory is writable.  
[2025-10-10 12:37:24+02:00] INFO: Installer API request received {"method":"POST","endpoint":"checkDatabase"} 
[2025-10-10 12:37:24+02:00] NOTICE: Check database connection  
[2025-10-10 12:37:24+02:00] ERROR: Database could not be connected to. {"code":500,"exception":"SQLSTATE[HY000] [1045] Access denied for user 'root'@'localhost' (using password: YES)"} 
[2025-10-10 12:38:03+02:00] INFO: Installer API request received {"method":"POST","endpoint":"checkDatabase"} 
[2025-10-10 12:38:03+02:00] NOTICE: Check database connection  
[2025-10-10 12:38:03+02:00] INFO: Installer API request received {"method":"GET","endpoint":"checkWriteAccess"} 
[2025-10-10 12:38:03+02:00] NOTICE: Current working directory is writable.  
[2025-10-10 12:38:04+02:00] NOTICE: Found 0 table(s) {"tables":""} 
[2025-10-10 12:38:04+02:00] NOTICE: Database connection established and verified empty  
[2025-10-10 12:38:40+02:00] INFO: Installer API request received {"method":"POST","endpoint":"downloadWinter"} 
[2025-10-10 12:38:40+02:00] NOTICE: Try downloading Winter CMS archive  
[2025-10-10 12:38:40+02:00] NOTICE: Downloading Winter ZIP via cURL {"url":"https://github.com/wintercms/winter/archive/refs/heads/1.2.zip"} 
[2025-10-10 12:38:44+02:00] NOTICE: Winter CMS ZIP file downloaded {"path":"C:\\xampp\\htdocs\\wintermovies\\.wintercms\\winter.zip"} 
[2025-10-10 12:38:44+02:00] INFO: Installer API request received {"method":"POST","endpoint":"extractWinter"} 
[2025-10-10 12:38:44+02:00] NOTICE: Begin extracting Winter CMS archive  
[2025-10-10 12:39:01+02:00] NOTICE: Move subfoldered files into position {"subfolder":"winter-1.2/"} 
[2025-10-10 12:39:01+02:00] NOTICE: Remove ZIP subfolder {"subfolder":"winter-1.2/"} 
[2025-10-10 12:39:01+02:00] NOTICE: Make artisan command-line tool executable {"path":"C:\\xampp\\htdocs\\wintermovies\\.wintercms\\artisan"} 
[2025-10-10 12:39:01+02:00] NOTICE: Remove Composer Merge plugin from composer.json if found  
[2025-10-10 12:39:01+02:00] NOTICE: Found merge plugin in required packages - removing  
[2025-10-10 12:39:01+02:00] NOTICE: Found merge plugin config in "extra" config definition - removing  
[2025-10-10 12:39:01+02:00] INFO: Installer API request received {"method":"POST","endpoint":"lockDependencies"} 
[2025-10-10 12:39:01+02:00] NOTICE: Create Composer instance  
[2025-10-10 12:39:01+02:00] NOTICE: Set memory limit to 1.5GB  
[2025-10-10 12:39:01+02:00] NOTICE: Set work directory for Composer {"path":"C:\\xampp\\htdocs\\wintermovies\\.wintercms"} 
[2025-10-10 12:39:01+02:00] NOTICE: Create home/cache directory for Composer {"path":"C:\\xampp\\htdocs\\wintermovies\\.wintercms\\.composer"} 
[2025-10-10 12:39:01+02:00] NOTICE: Set home/cache directory for Composer {"path":"C:\\xampp\\htdocs\\wintermovies\\.wintercms\\.composer"} 
[2025-10-10 12:39:01+02:00] NOTICE: Run Composer "update" command - generate only a lockfile  
[2025-10-10 12:39:30+02:00] NOTICE: Locked Composer packages {"numPackages":117,"lockFile":"C:\\xampp\\htdocs\\wintermovies\\.wintercms\\composer.lock"} 
[2025-10-10 12:39:30+02:00] INFO: Installer API request received {"method":"POST","endpoint":"installDependencies"} 
[2025-10-10 12:39:30+02:00] NOTICE: Create Composer instance  
[2025-10-10 12:39:30+02:00] NOTICE: Set memory limit to 1.5GB  
[2025-10-10 12:39:30+02:00] NOTICE: Set work directory for Composer {"path":"C:\\xampp\\htdocs\\wintermovies\\.wintercms"} 
[2025-10-10 12:39:30+02:00] NOTICE: Set home/cache directory for Composer {"path":"C:\\xampp\\htdocs\\wintermovies\\.wintercms\\.composer"} 
[2025-10-10 12:39:30+02:00] NOTICE: Run Composer "install" command - install from lockfile  
[2025-10-10 12:40:55+02:00] NOTICE: Installed Composer packages {"numPackages":117} 
[2025-10-10 12:40:55+02:00] INFO: Installer API request received {"method":"POST","endpoint":"setupConfig"} 
[2025-10-10 12:40:55+02:00] NOTICE: Booting Laravel framework  
[2025-10-10 12:40:55+02:00] NOTICE: Loading autoloader  
[2025-10-10 12:41:13+02:00] NOTICE: Bootstrapping kernel  
[2025-10-10 12:41:21+02:00] NOTICE: Rewriting config {"path":"C:\\xampp\\htdocs\\wintermovies\\.wintercms\\config\\app.php"} 
[2025-10-10 12:41:23+02:00] NOTICE: Rewriting config {"path":"C:\\xampp\\htdocs\\wintermovies\\.wintercms\\config\\cms.php"} 
[2025-10-10 12:41:23+02:00] NOTICE: Rewriting config {"path":"C:\\xampp\\htdocs\\wintermovies\\.wintercms\\config\\database.php"} 
[2025-10-10 12:41:23+02:00] INFO: Installer API request received {"method":"POST","endpoint":"runMigrations"} 
[2025-10-10 12:41:23+02:00] NOTICE: Booting Laravel framework  
[2025-10-10 12:41:23+02:00] NOTICE: Loading autoloader  
[2025-10-10 12:41:23+02:00] NOTICE: Bootstrapping kernel  
[2025-10-10 12:41:23+02:00] NOTICE: Running artisan "config:clear" command  
[2025-10-10 12:41:31+02:00] NOTICE: Command finished. {"output":"\n   INFO  Configuration cache cleared successfully.  \n\r\n"} 
[2025-10-10 12:41:31+02:00] NOTICE: Running database migrations  
[2025-10-10 12:41:40+02:00] NOTICE: Command finished. {"output":"Migrating application and plugins...\r\n\r\n   INFO  Migration table created.  \n\r\n\r\nMigrating System module...\r\n\r\n   INFO  Running migrations.  \n\r\n  2013_10_01_000001_Db_Deferred_Bindings .................................................................. 162ms DONE\r\n  2013_10_01_000002_Db_System_Files ........................................................................ 77ms DONE\r\n  2013_10_01_000003_Db_System_Plugin_Versions .............................................................. 31ms DONE\r\n  2013_10_01_000004_Db_System_Plugin_History ............................................................... 42ms DONE\r\n  2013_10_01_000005_Db_System_Settings ..................................................................... 32ms DONE\r\n  2013_10_01_000006_Db_System_Parameters ................................................................... 32ms DONE\r\n  2013_10_01_000007_Db_System_Add_Disabled_Flag ............................................................. 9ms DONE\r\n  2013_10_01_000008_Db_System_Mail_Templates ............................................................... 68ms DONE\r\n  2013_10_01_000009_Db_System_Mail_Layouts ................................................................. 11ms DONE\r\n  2014_10_01_000010_Db_Jobs ................................................................................. 9ms DONE\r\n  2014_10_01_000011_Db_System_Event_Logs ................................................................... 29ms DONE\r\n  2014_10_01_000012_Db_System_Request_Logs .................................................................. 7ms DONE\r\n  2014_10_01_000013_Db_System_Sessions ..................................................................... 29ms DONE\r\n  2015_10_01_000014_Db_System_Mail_Layout_Rename ........................................................... 27ms DONE\r\n  2015_10_01_000015_Db_System_Add_Frozen_Flag ............................................................... 6ms DONE\r\n  2015_10_01_000016_Db_Cache ............................................................................... 30ms DONE\r\n  2015_10_01_000017_Db_System_Revisions .................................................................... 52ms DONE\r\n  2015_10_01_000018_Db_FailedJobs ........................................................................... 9ms DONE\r\n  2016_10_01_000019_Db_System_Plugin_History_Detail_Text ................................................ 2,012ms DONE\r\n  2016_10_01_000020_Db_System_Timestamp_Fix ............................................................... 102ms DONE\r\n  2017_08_04_121309_Db_Deferred_Bindings_Add_Index_Session ................................................. 12ms DONE\r\n  2017_10_01_000021_Db_System_Sessions_Update ............................................................... 7ms DONE\r\n  2017_10_01_000022_Db_Jobs_FailedJobs_Update .............................................................. 29ms DONE\r\n  2017_10_01_000023_Db_System_Mail_Partials ................................................................ 10ms DONE\r\n  2017_10_23_000024_Db_System_Mail_Layouts_Add_Options_Field ................................................ 6ms DONE\r\n  2021_10_01_000025_Db_Add_Pivot_Data_To_Deferred_Bindings .................................................. 8ms DONE\r\n  2022_08_06_000026_Db_System_Add_App_Birthday_Date ........................................................ 94ms DONE\r\n  2022_10_14_000027_Db_Jobs_FailedJobs_Update ............................................................. 165ms DONE\r\n  2023_09_24_000028_Db_System_Sessions_Indexes ............................................................. 18ms DONE\r\n  2023_10_20_000029_Db_Jobs_Batches ........................................................................ 30ms DONE\r\n  2025_04_10_000031_Db_Add_System_Files_Metadata ........................................................... 20ms DONE\r\n\r\n\r\nMigrating Backend module...\r\n\r\n   INFO  Running migrations.  \n\r\n  2013_10_01_000001_Db_Backend_Users ....................................................................... 66ms DONE\r\n  2013_10_01_000002_Db_Backend_User_Groups ................................................................. 26ms DONE\r\n  2013_10_01_000003_Db_Backend_Users_Groups ................................................................ 32ms DONE\r\n  2013_10_01_000004_Db_Backend_User_Throttle ............................................................... 32ms DONE\r\n  2014_01_04_000005_Db_Backend_User_Preferences ............................................................ 33ms DONE\r\n  2014_10_01_000006_Db_Backend_Access_Log .................................................................. 10ms DONE\r\n  2014_10_01_000007_Db_Backend_Add_Description_Field ....................................................... 17ms DONE\r\n  2015_10_01_000008_Db_Backend_Add_Superuser_Flag .......................................................... 67ms DONE\r\n  2016_10_01_000009_Db_Backend_Timestamp_Fix ............................................................... 26ms DONE\r\n  2017_10_01_000010_Db_Backend_User_Roles .................................................................. 61ms DONE\r\n  2018_12_16_000011_Db_Backend_Add_Deleted_At ............................................................... 5ms DONE\r\n  2023_02_16_000012_Db_Backend_Add_User_Metadata ........................................................... 11ms DONE\r\n  2023_09_09_000013_Db_Backend_Add_Users_Groups_Delete_At ................................................... 9ms DONE\r\n\r\n\r\nMigrating Cms module...\r\n\r\n   INFO  Running migrations.  \n\r\n  2014_10_01_000001_Db_Cms_Theme_Data ...................................................................... 33ms DONE\r\n  2016_10_01_000002_Db_Cms_Timestamp_Fix .................................................................... 7ms DONE\r\n  2017_10_01_000003_Db_Cms_Theme_Logs ...................................................................... 49ms DONE\r\n  2018_11_01_000001_Db_Cms_Theme_Templates ................................................................. 37ms DONE\r\n\r\n\r\nSeeding System module...\r\n\r\n   INFO  Seeded System.  \n\r\n\r\nSeeding Backend module...\r\n\r\n   INFO  Seeded Backend.  \n\r\nMigrating Winter Demo (Winter.Demo) plugin...\r\n\r\n   INFO  Running migrations.  \n\r\n  1.0.1:    First version of Demo ........................................................................... 7ms DONE\r\n\r\n\r\n   INFO  Migration complete.  \n\r\n   INFO  \\Backend\\Database\\Seeds\\DatabaseSeeder reported the following:  \n\r\n    - The following password has been automatically generated for the \"admin\" account: eKjo9Bsdb8S9o8n6OeDYya\r\n\r\n"} 
[2025-10-10 12:41:40+02:00] INFO: Installer API request received {"method":"POST","endpoint":"createAdmin"} 
[2025-10-10 12:41:40+02:00] NOTICE: Booting Laravel framework  
[2025-10-10 12:41:40+02:00] NOTICE: Loading autoloader  
[2025-10-10 12:41:40+02:00] NOTICE: Bootstrapping kernel  
[2025-10-10 12:41:41+02:00] NOTICE: Finding initial admin account  
[2025-10-10 12:41:41+02:00] NOTICE: Changing admin account to details provided in installation  
[2025-10-10 12:41:41+02:00] INFO: Installer API request received {"method":"POST","endpoint":"cleanUp"} 
[2025-10-10 12:41:41+02:00] NOTICE: Removing installation files  
[2025-10-10 12:41:41+02:00] NOTICE: Removing temporary installation folders  
[2025-10-10 12:41:43+02:00] NOTICE: Removing core development files  
[2025-10-10 12:41:43+02:00] NOTICE: Moving files from temporary work directory to final installation path {"workDir":"C:\\xampp\\htdocs\\wintermovies\\.wintercms","installDir":"C:\\xampp\\htdocs\\wintermovies"} 
[2025-10-10 12:41:43+02:00] NOTICE: Removing work directory  
[2025-10-10 12:41:43+02:00] NOTICE: Installation complete!  
